<?xml version="1.0" encoding="UTF-8"?>
<!-- Generated by org.testng.reporters.JUnitXMLReporter -->
<testsuite ignored="0" hostname="DESKTOP-72J7IOT" failures="0" tests="3" name="Default test" time="34.128" errors="0" timestamp="2022-11-16T22:59:23 IST">
  <testcase classname="amazon.FirstAutomation" name="test1" time="18.365"/>
  <testcase classname="amazon.FirstAutomation" name="test2" time="0.004"/>
  <testcase classname="amazon.secondAutomation" name="test3" time="6.975"/>
</testsuite> <!-- Default test -->
