<?xml version="1.0" encoding="UTF-8"?>
<!-- Generated by org.testng.reporters.JUnitXMLReporter -->
<testsuite ignored="0" hostname="DESKTOP-72J7IOT" failures="0" tests="3" name="Default test" time="29.929" errors="0" timestamp="2022-10-06T22:20:51 IST">
  <testcase classname="amazon.FirstAutomation" name="test1" time="15.944"/>
  <testcase classname="amazon.FirstAutomation" name="test2" time="0.003"/>
  <testcase classname="amazon.secondAutomation" name="test3" time="5.65"/>
</testsuite> <!-- Default test -->
