<?xml version="1.0" encoding="UTF-8"?>
<!-- Generated by org.testng.reporters.JUnitXMLReporter -->
<testsuite ignored="1" hostname="DESKTOP-72J7IOT" failures="1" tests="5" name="Test" time="29.952" errors="0" timestamp="2022-09-17T19:12:17 IST">
  <testcase classname="amazon.FirstAutomation" name="test2" time="14.95"/>
  <testcase classname="amazon.FirstAutomation" name="test3" time="0.004"/>
  <testcase classname="amazon.secondAutomation" name="test4" time="10.378"/>
  <testcase classname="amazon.FirstAutomation" name="test2" time="0.004">
    <failure type="java.lang.NullPointerException" message="Cannot invoke &amp;quot;org.openqa.selenium.WebDriver.get(String)&amp;quot; because &amp;quot;this.driver&amp;quot; is null">
      <![CDATA[java.lang.NullPointerException: Cannot invoke "org.openqa.selenium.WebDriver.get(String)" because "this.driver" is null
at amazon.FirstAutomation.test2(FirstAutomation.java:38)
at java.base/java.util.ArrayList.forEach(ArrayList.java:1511)
... Removed 25 stack frames]]>
    </failure>
  </testcase> <!-- test2 -->
  <testcase classname="amazon.FirstAutomation" name="test3" time="0.003"/>
  <testcase classname="amazon.FirstAutomation" name="@BeforeTest test1" time="0.0">
    <ignored/>
  </testcase> <!-- @BeforeTest test1 -->
</testsuite> <!-- Test -->
