<?xml version="1.0" encoding="UTF-8"?>
<testng-results ignored="0" total="3" passed="3" failed="0" skipped="0">
  <reporter-output>
  </reporter-output>
  <suite started-at="2022-10-06T22:20:21 IST" name="Default suite" finished-at="2022-10-06T22:20:51 IST" duration-ms="29929">
    <groups>
    </groups>
    <test started-at="2022-10-06T22:20:21 IST" name="Default test" finished-at="2022-10-06T22:20:51 IST" duration-ms="29929">
      <class name="amazon.secondAutomation">
        <test-method is-config="true" signature="test()[pri:0, instance:amazon.secondAutomation@54107f42]" started-at="2022-10-06T22:20:21 IST" name="test" finished-at="2022-10-06T22:20:24 IST" duration-ms="2359" status="PASS">
          <reporter-output>
          </reporter-output>
        </test-method> <!-- test -->
        <test-method signature="test1()[pri:0, instance:amazon.secondAutomation@54107f42]" started-at="2022-10-06T22:20:24 IST" name="test1" finished-at="2022-10-06T22:20:40 IST" duration-ms="15944" status="PASS">
          <reporter-output>
          </reporter-output>
        </test-method> <!-- test1 -->
        <test-method signature="test2()[pri:0, instance:amazon.secondAutomation@54107f42]" started-at="2022-10-06T22:20:40 IST" name="test2" finished-at="2022-10-06T22:20:40 IST" duration-ms="3" status="PASS">
          <reporter-output>
          </reporter-output>
        </test-method> <!-- test2 -->
        <test-method signature="test3()[pri:0, instance:amazon.secondAutomation@54107f42]" started-at="2022-10-06T22:20:40 IST" name="test3" finished-at="2022-10-06T22:20:45 IST" duration-ms="5650" status="PASS">
          <reporter-output>
          </reporter-output>
        </test-method> <!-- test3 -->
        <test-method is-config="true" signature="testclose()[pri:0, instance:amazon.secondAutomation@54107f42]" started-at="2022-10-06T22:20:45 IST" name="testclose" finished-at="2022-10-06T22:20:51 IST" duration-ms="5927" status="PASS">
          <reporter-output>
          </reporter-output>
        </test-method> <!-- testclose -->
      </class> <!-- amazon.secondAutomation -->
    </test> <!-- Default test -->
  </suite> <!-- Default suite -->
</testng-results>
