<?xml version="1.0" encoding="UTF-8"?>
<testng-results ignored="0" total="3" passed="3" failed="0" skipped="0">
  <reporter-output>
  </reporter-output>
  <suite started-at="2022-11-16T22:58:48 IST" name="Default suite" finished-at="2022-11-16T22:59:23 IST" duration-ms="34128">
    <groups>
    </groups>
    <test started-at="2022-11-16T22:58:48 IST" name="Default test" finished-at="2022-11-16T22:59:23 IST" duration-ms="34128">
      <class name="amazon.secondAutomation">
        <test-method is-config="true" signature="test()[pri:0, instance:amazon.secondAutomation@52e6fdee]" started-at="2022-11-16T22:58:49 IST" name="test" finished-at="2022-11-16T22:58:51 IST" duration-ms="2124" status="PASS">
          <reporter-output>
          </reporter-output>
        </test-method> <!-- test -->
        <test-method signature="test1()[pri:0, instance:amazon.secondAutomation@52e6fdee]" started-at="2022-11-16T22:58:51 IST" name="test1" finished-at="2022-11-16T22:59:09 IST" duration-ms="18365" status="PASS">
          <reporter-output>
          </reporter-output>
        </test-method> <!-- test1 -->
        <test-method signature="test2()[pri:0, instance:amazon.secondAutomation@52e6fdee]" started-at="2022-11-16T22:59:09 IST" name="test2" finished-at="2022-11-16T22:59:09 IST" duration-ms="4" status="PASS">
          <reporter-output>
          </reporter-output>
        </test-method> <!-- test2 -->
        <test-method signature="test3()[pri:0, instance:amazon.secondAutomation@52e6fdee]" started-at="2022-11-16T22:59:09 IST" name="test3" finished-at="2022-11-16T22:59:16 IST" duration-ms="6975" status="PASS">
          <reporter-output>
          </reporter-output>
        </test-method> <!-- test3 -->
        <test-method is-config="true" signature="testclose()[pri:0, instance:amazon.secondAutomation@52e6fdee]" started-at="2022-11-16T22:59:16 IST" name="testclose" finished-at="2022-11-16T22:59:23 IST" duration-ms="6592" status="PASS">
          <reporter-output>
          </reporter-output>
        </test-method> <!-- testclose -->
      </class> <!-- amazon.secondAutomation -->
    </test> <!-- Default test -->
  </suite> <!-- Default suite -->
</testng-results>
